[0.043s] Invoking command in '/home/sksuser/arduinobot_ws/build/arduinobot_msgs': /usr/bin/cmake --build /home/sksuser/arduinobot_ws/build/arduinobot_msgs -- -j8 -l8
[0.095s] -- Found ament_cmake: 1.3.12 (/opt/ros/humble/share/ament_cmake/cmake)
[0.384s] -- Found std_msgs: 4.9.0 (/opt/ros/humble/share/std_msgs/cmake)
[0.453s] -- Found rosidl_generator_c: 3.1.7 (/opt/ros/humble/share/rosidl_generator_c/cmake)
[0.456s] -- Found rosidl_adapter: 3.1.7 (/opt/ros/humble/share/rosidl_adapter/cmake)
[0.464s] -- Found rosidl_generator_cpp: 3.1.7 (/opt/ros/humble/share/rosidl_generator_cpp/cmake)
[0.479s] -- Using all available rosidl_typesupport_c: rosidl_typesupport_fastrtps_c;rosidl_typesupport_introspection_c
[0.498s] -- Using all available rosidl_typesupport_cpp: rosidl_typesupport_fastrtps_cpp;rosidl_typesupport_introspection_cpp
[0.535s] -- Found rosidl_default_generators: 1.2.0 (/opt/ros/humble/share/rosidl_default_generators/cmake)
[0.866s] Error parsing '/home/sksuser/arduinobot_ws/src/arduinobot_msgs/package.xml':
[0.938s] Traceback (most recent call last):
[0.939s]   File "/usr/lib/python3/dist-packages/catkin_pkg/package.py", line 610, in parse_package_string
[0.939s]     root = dom.parseString(data)
[0.939s]   File "/usr/lib/python3.10/xml/dom/minidom.py", line 2000, in parseString
[0.940s]     return expatbuilder.parseString(string)
[0.940s]   File "/usr/lib/python3.10/xml/dom/expatbuilder.py", line 925, in parseString
[0.940s]     return builder.parseString(string)
[0.941s]   File "/usr/lib/python3.10/xml/dom/expatbuilder.py", line 223, in parseString
[0.941s]     parser.Parse(string, True)
[0.941s] xml.parsers.expat.ExpatError: mismatched tag: line 16, column 47
[0.941s] 
[0.942s] During handling of the above exception, another exception occurred:
[0.942s] 
[0.942s] Traceback (most recent call last):
[0.942s]   File "/opt/ros/humble/share/ament_cmake_core/cmake/core/package_xml_2_cmake.py", line 150, in <module>
[0.942s]     main()
[0.942s]   File "/opt/ros/humble/share/ament_cmake_core/cmake/core/package_xml_2_cmake.py", line 53, in main
[0.943s]     raise e
[0.943s]   File "/opt/ros/humble/share/ament_cmake_core/cmake/core/package_xml_2_cmake.py", line 49, in main
[0.943s]     package = parse_package_string(
[0.943s]   File "/usr/lib/python3/dist-packages/catkin_pkg/package.py", line 612, in parse_package_string
[0.943s]     raise InvalidPackage('The manifest contains invalid XML:\n%s' % ex, filename)
[0.943s] catkin_pkg.package.InvalidPackage: Error(s) in package '/home/sksuser/arduinobot_ws/src/arduinobot_msgs/package.xml':
[0.944s] The manifest contains invalid XML:
[0.944s] mismatched tag: line 16, column 47
[0.965s] [31mCMake Error at /opt/ros/humble/share/ament_cmake_core/cmake/core/ament_package_xml.cmake:95 (message):
[0.966s]   execute_process(/usr/bin/python3
[0.966s]   /opt/ros/humble/share/ament_cmake_core/cmake/core/package_xml_2_cmake.py
[0.966s]   /home/sksuser/arduinobot_ws/src/arduinobot_msgs/package.xml
[0.966s]   /home/sksuser/arduinobot_ws/build/arduinobot_msgs/ament_cmake_core/package.cmake)
[0.966s]   returned error code 1
[0.966s] Call Stack (most recent call first):
[0.966s]   /opt/ros/humble/share/ament_cmake_core/cmake/core/ament_package_xml.cmake:49 (_ament_package_xml)
[0.967s]   /opt/ros/humble/share/rosidl_cmake/cmake/rosidl_generate_interfaces.cmake:226 (ament_package_xml)
[0.967s]   CMakeLists.txt:17 (rosidl_generate_interfaces)
[0.967s] 
[0.967s] [0m
[0.967s] -- Configuring incomplete, errors occurred!
[0.967s] See also "/home/sksuser/arduinobot_ws/build/arduinobot_msgs/CMakeFiles/CMakeOutput.log".
[0.975s] gmake: *** [Makefile:226: cmake_check_build_system] Error 1
[0.978s] Invoked command in '/home/sksuser/arduinobot_ws/build/arduinobot_msgs' returned '2': /usr/bin/cmake --build /home/sksuser/arduinobot_ws/build/arduinobot_msgs -- -j8 -l8
