[0.000000] (-) TimerEvent: {}
[0.000749] (arduinobot_cpp_example) JobQueued: {'identifier': 'arduinobot_cpp_example', 'dependencies': OrderedDict()}
[0.002210] (arduinobot_py_example) JobQueued: {'identifier': 'arduinobot_py_example', 'dependencies': OrderedDict()}
[0.002554] (arduinobot_cpp_example) JobStarted: {'identifier': 'arduinobot_cpp_example'}
[0.024831] (arduinobot_py_example) JobStarted: {'identifier': 'arduinobot_py_example'}
[0.041311] (arduinobot_cpp_example) JobProgress: {'identifier': 'arduinobot_cpp_example', 'progress': 'cmake'}
[0.043238] (arduinobot_cpp_example) JobProgress: {'identifier': 'arduinobot_cpp_example', 'progress': 'build'}
[0.045216] (arduinobot_cpp_example) Command: {'cmd': ['/usr/bin/cmake', '--build', '/home/sksuser/arduinobot_ws/build/arduinobot_cpp_example', '--', '-j8', '-l8'], 'cwd': '/home/sksuser/arduinobot_ws/build/arduinobot_cpp_example', 'env': OrderedDict([('GJS_DEBUG_TOPICS', 'JS ERROR;JS LOG'), ('LESSOPEN', '| /usr/bin/lesspipe %s'), ('USER', 'sksuser'), ('LC_TIME', 'fi_FI.UTF-8'), ('XDG_SESSION_TYPE', 'wayland'), ('SHLVL', '1'), ('LD_LIBRARY_PATH', '/opt/ros/humble/opt/rviz_ogre_vendor/lib:/opt/ros/humble/lib/x86_64-linux-gnu:/opt/ros/humble/lib'), ('HOME', '/home/sksuser'), ('OLDPWD', '/home/sksuser'), ('DESKTOP_SESSION', 'ubuntu'), ('GIO_LAUNCHED_DESKTOP_FILE', '/usr/share/applications/terminator.desktop'), ('ROS_PYTHON_VERSION', '3'), ('GNOME_SHELL_SESSION_MODE', 'ubuntu'), ('GTK_MODULES', 'gail:atk-bridge'), ('LC_MONETARY', 'fi_FI.UTF-8'), ('MANAGERPID', '1713'), ('SYSTEMD_EXEC_PID', '1898'), ('DBUS_SESSION_BUS_ADDRESS', 'unix:path=/run/user/1000/bus'), ('COLORTERM', 'truecolor'), ('TERMINATOR_DBUS_NAME', 'net.tenshu.Terminator25ef4b219e3b005583550f2b0f9f990c3'), ('GIO_LAUNCHED_DESKTOP_FILE_PID', '8114'), ('_colcon_cd_root', '/opt/ros/humble/'), ('IM_CONFIG_PHASE', '1'), ('WAYLAND_DISPLAY', 'wayland-0'), ('ROS_DISTRO', 'humble'), ('LOGNAME', 'sksuser'), ('JOURNAL_STREAM', '8:13048'), ('_', '/usr/bin/colcon'), ('ROS_VERSION', '2'), ('XDG_SESSION_CLASS', 'user'), ('USERNAME', 'sksuser'), ('TERM', 'xterm-256color'), ('GNOME_DESKTOP_SESSION_ID', 'this-is-deprecated'), ('ROS_LOCALHOST_ONLY', '0'), ('PATH', '/opt/ros/humble/bin:/home/sksuser/.local/bin:/usr/local/sbin:/usr/local/bin:/usr/sbin:/usr/bin:/sbin:/bin:/usr/games:/usr/local/games:/snap/bin:/snap/bin'), ('SESSION_MANAGER', 'local/SKSUbuntu:@/tmp/.ICE-unix/1864,unix/SKSUbuntu:/tmp/.ICE-unix/1864'), ('INVOCATION_ID', 'f7f298d532d14bcb8c009e1259bc0add'), ('XDG_MENU_PREFIX', 'gnome-'), ('LC_ADDRESS', 'fi_FI.UTF-8'), ('GNOME_SETUP_DISPLAY', ':1'), ('XDG_RUNTIME_DIR', '/run/user/1000'), ('DISPLAY', ':0'), ('TERMINATOR_DBUS_PATH', '/net/tenshu/Terminator2'), ('LANG', 'en_US.UTF-8'), ('XDG_CURRENT_DESKTOP', 'ubuntu:GNOME'), ('IBUS_DISABLE_SNOOPER', '1'), ('LC_TELEPHONE', 'fi_FI.UTF-8'), ('XMODIFIERS', '@im=ibus'), ('XDG_SESSION_DESKTOP', 'ubuntu'), ('XAUTHORITY', '/run/user/1000/.mutter-Xwaylandauth.KGGAB3'), ('LS_COLORS', 'rs=0:di=01;34:ln=01;36:mh=00:pi=40;33:so=01;35:do=01;35:bd=40;33;01:cd=40;33;01:or=40;31;01:mi=00:su=37;41:sg=30;43:ca=30;41:tw=30;42:ow=34;42:st=37;44:ex=01;32:*.tar=01;31:*.tgz=01;31:*.arc=01;31:*.arj=01;31:*.taz=01;31:*.lha=01;31:*.lz4=01;31:*.lzh=01;31:*.lzma=01;31:*.tlz=01;31:*.txz=01;31:*.tzo=01;31:*.t7z=01;31:*.zip=01;31:*.z=01;31:*.dz=01;31:*.gz=01;31:*.lrz=01;31:*.lz=01;31:*.lzo=01;31:*.xz=01;31:*.zst=01;31:*.tzst=01;31:*.bz2=01;31:*.bz=01;31:*.tbz=01;31:*.tbz2=01;31:*.tz=01;31:*.deb=01;31:*.rpm=01;31:*.jar=01;31:*.war=01;31:*.ear=01;31:*.sar=01;31:*.rar=01;31:*.alz=01;31:*.ace=01;31:*.zoo=01;31:*.cpio=01;31:*.7z=01;31:*.rz=01;31:*.cab=01;31:*.wim=01;31:*.swm=01;31:*.dwm=01;31:*.esd=01;31:*.jpg=01;35:*.jpeg=01;35:*.mjpg=01;35:*.mjpeg=01;35:*.gif=01;35:*.bmp=01;35:*.pbm=01;35:*.pgm=01;35:*.ppm=01;35:*.tga=01;35:*.xbm=01;35:*.xpm=01;35:*.tif=01;35:*.tiff=01;35:*.png=01;35:*.svg=01;35:*.svgz=01;35:*.mng=01;35:*.pcx=01;35:*.mov=01;35:*.mpg=01;35:*.mpeg=01;35:*.m2v=01;35:*.mkv=01;35:*.webm=01;35:*.webp=01;35:*.ogm=01;35:*.mp4=01;35:*.m4v=01;35:*.mp4v=01;35:*.vob=01;35:*.qt=01;35:*.nuv=01;35:*.wmv=01;35:*.asf=01;35:*.rm=01;35:*.rmvb=01;35:*.flc=01;35:*.avi=01;35:*.fli=01;35:*.flv=01;35:*.gl=01;35:*.dl=01;35:*.xcf=01;35:*.xwd=01;35:*.yuv=01;35:*.cgm=01;35:*.emf=01;35:*.ogv=01;35:*.ogx=01;35:*.aac=00;36:*.au=00;36:*.flac=00;36:*.m4a=00;36:*.mid=00;36:*.midi=00;36:*.mka=00;36:*.mp3=00;36:*.mpc=00;36:*.ogg=00;36:*.ra=00;36:*.wav=00;36:*.oga=00;36:*.opus=00;36:*.spx=00;36:*.xspf=00;36:'), ('SSH_AGENT_LAUNCHER', 'gnome-keyring'), ('SSH_AUTH_SOCK', '/run/user/1000/keyring/ssh'), ('AMENT_PREFIX_PATH', '/opt/ros/humble'), ('SHELL', '/bin/bash'), ('LC_NAME', 'fi_FI.UTF-8'), ('TERMINATOR_UUID', 'urn:uuid:b41362cc-ab1a-46cc-95c3-4d8b55bae248'), ('QT_ACCESSIBILITY', '1'), ('GDMSESSION', 'ubuntu'), ('LESSCLOSE', '/usr/bin/lesspipe %s %s'), ('LC_MEASUREMENT', 'fi_FI.UTF-8'), ('GJS_DEBUG_OUTPUT', 'stderr'), ('LC_IDENTIFICATION', 'fi_FI.UTF-8'), ('QT_IM_MODULE', 'ibus'), ('PWD', '/home/sksuser/arduinobot_ws/build/arduinobot_cpp_example'), ('LC_ALL', 'en_US.UTF-8'), ('XDG_CONFIG_DIRS', '/etc/xdg/xdg-ubuntu:/etc/xdg'), ('XDG_DATA_DIRS', '/usr/share/ubuntu:/usr/local/share/:/usr/share/:/var/lib/snapd/desktop'), ('PYTHONPATH', '/opt/ros/humble/lib/python3.10/site-packages:/opt/ros/humble/local/lib/python3.10/dist-packages'), ('LC_NUMERIC', 'fi_FI.UTF-8'), ('LC_PAPER', 'fi_FI.UTF-8'), ('COLCON', '1'), ('VTE_VERSION', '6800')]), 'shell': False}
[0.099256] (-) TimerEvent: {}
[0.106925] (arduinobot_cpp_example) StdoutLine: {'line': b'-- Found ament_cmake: 1.3.12 (/opt/ros/humble/share/ament_cmake/cmake)\n'}
[0.199440] (-) TimerEvent: {}
[0.299834] (-) TimerEvent: {}
[0.372611] (arduinobot_cpp_example) StdoutLine: {'line': b'-- Found rclcpp: 16.0.14 (/opt/ros/humble/share/rclcpp/cmake)\n'}
[0.399944] (-) TimerEvent: {}
[0.471917] (arduinobot_cpp_example) StdoutLine: {'line': b'-- Found rosidl_generator_c: 3.1.7 (/opt/ros/humble/share/rosidl_generator_c/cmake)\n'}
[0.483507] (arduinobot_cpp_example) StdoutLine: {'line': b'-- Found rosidl_adapter: 3.1.7 (/opt/ros/humble/share/rosidl_adapter/cmake)\n'}
[0.500088] (-) TimerEvent: {}
[0.504712] (arduinobot_cpp_example) StdoutLine: {'line': b'-- Found rosidl_generator_cpp: 3.1.7 (/opt/ros/humble/share/rosidl_generator_cpp/cmake)\n'}
[0.538992] (arduinobot_cpp_example) StdoutLine: {'line': b'-- Using all available rosidl_typesupport_c: rosidl_typesupport_fastrtps_c;rosidl_typesupport_introspection_c\n'}
[0.573185] (arduinobot_cpp_example) StdoutLine: {'line': b'-- Using all available rosidl_typesupport_cpp: rosidl_typesupport_fastrtps_cpp;rosidl_typesupport_introspection_cpp\n'}
[0.600212] (-) TimerEvent: {}
[0.676921] (arduinobot_cpp_example) StdoutLine: {'line': b'-- Found rmw_implementation_cmake: 6.1.2 (/opt/ros/humble/share/rmw_implementation_cmake/cmake)\n'}
[0.683393] (arduinobot_cpp_example) StdoutLine: {'line': b'-- Found rmw_fastrtps_cpp: 6.2.8 (/opt/ros/humble/share/rmw_fastrtps_cpp/cmake)\n'}
[0.700338] (-) TimerEvent: {}
[0.800836] (-) TimerEvent: {}
[0.850973] (arduinobot_cpp_example) StdoutLine: {'line': b'-- Found OpenSSL: /usr/lib/x86_64-linux-gnu/libcrypto.so (found version "3.0.2")  \n'}
[0.893120] (arduinobot_cpp_example) StdoutLine: {'line': b'-- Found FastRTPS: /opt/ros/humble/include  \n'}
[0.900978] (-) TimerEvent: {}
[0.958431] (arduinobot_cpp_example) StdoutLine: {'line': b"-- Using RMW implementation 'rmw_fastrtps_cpp' as default\n"}
[0.978224] (arduinobot_cpp_example) StdoutLine: {'line': b'-- Looking for pthread.h\n'}
[1.001103] (-) TimerEvent: {}
[1.101537] (-) TimerEvent: {}
[1.200342] (arduinobot_cpp_example) StdoutLine: {'line': b'-- Looking for pthread.h - found\n'}
[1.201156] (arduinobot_cpp_example) StdoutLine: {'line': b'-- Performing Test CMAKE_HAVE_LIBC_PTHREAD\n'}
[1.201636] (-) TimerEvent: {}
[1.302045] (-) TimerEvent: {}
[1.346044] (arduinobot_cpp_example) StdoutLine: {'line': b'-- Performing Test CMAKE_HAVE_LIBC_PTHREAD - Success\n'}
[1.349489] (arduinobot_cpp_example) StdoutLine: {'line': b'-- Found Threads: TRUE  \n'}
[1.402180] (-) TimerEvent: {}
[1.446094] (arduinobot_py_example) Command: {'cmd': ['/usr/bin/python3', '-W', 'ignore:setup.py install is deprecated', '-W', 'ignore:easy_install command is deprecated', 'setup.py', 'egg_info', '--egg-base', '../../build/arduinobot_py_example', 'build', '--build-base', '/home/sksuser/arduinobot_ws/build/arduinobot_py_example/build', 'install', '--record', '/home/sksuser/arduinobot_ws/build/arduinobot_py_example/install.log', '--single-version-externally-managed', 'install_data'], 'cwd': '/home/sksuser/arduinobot_ws/src/arduinobot_py_example', 'env': {'GJS_DEBUG_TOPICS': 'JS ERROR;JS LOG', 'LESSOPEN': '| /usr/bin/lesspipe %s', 'USER': 'sksuser', 'LC_TIME': 'fi_FI.UTF-8', 'XDG_SESSION_TYPE': 'wayland', 'SHLVL': '1', 'LD_LIBRARY_PATH': '/opt/ros/humble/opt/rviz_ogre_vendor/lib:/opt/ros/humble/lib/x86_64-linux-gnu:/opt/ros/humble/lib', 'HOME': '/home/sksuser', 'OLDPWD': '/home/sksuser', 'DESKTOP_SESSION': 'ubuntu', 'GIO_LAUNCHED_DESKTOP_FILE': '/usr/share/applications/terminator.desktop', 'ROS_PYTHON_VERSION': '3', 'GNOME_SHELL_SESSION_MODE': 'ubuntu', 'GTK_MODULES': 'gail:atk-bridge', 'LC_MONETARY': 'fi_FI.UTF-8', 'MANAGERPID': '1713', 'SYSTEMD_EXEC_PID': '1898', 'DBUS_SESSION_BUS_ADDRESS': 'unix:path=/run/user/1000/bus', 'COLORTERM': 'truecolor', 'TERMINATOR_DBUS_NAME': 'net.tenshu.Terminator25ef4b219e3b005583550f2b0f9f990c3', 'GIO_LAUNCHED_DESKTOP_FILE_PID': '8114', '_colcon_cd_root': '/opt/ros/humble/', 'IM_CONFIG_PHASE': '1', 'WAYLAND_DISPLAY': 'wayland-0', 'ROS_DISTRO': 'humble', 'LOGNAME': 'sksuser', 'JOURNAL_STREAM': '8:13048', '_': '/usr/bin/colcon', 'ROS_VERSION': '2', 'XDG_SESSION_CLASS': 'user', 'USERNAME': 'sksuser', 'TERM': 'xterm-256color', 'GNOME_DESKTOP_SESSION_ID': 'this-is-deprecated', 'ROS_LOCALHOST_ONLY': '0', 'PATH': '/opt/ros/humble/bin:/home/sksuser/.local/bin:/usr/local/sbin:/usr/local/bin:/usr/sbin:/usr/bin:/sbin:/bin:/usr/games:/usr/local/games:/snap/bin:/snap/bin', 'SESSION_MANAGER': 'local/SKSUbuntu:@/tmp/.ICE-unix/1864,unix/SKSUbuntu:/tmp/.ICE-unix/1864', 'INVOCATION_ID': 'f7f298d532d14bcb8c009e1259bc0add', 'XDG_MENU_PREFIX': 'gnome-', 'LC_ADDRESS': 'fi_FI.UTF-8', 'GNOME_SETUP_DISPLAY': ':1', 'XDG_RUNTIME_DIR': '/run/user/1000', 'DISPLAY': ':0', 'TERMINATOR_DBUS_PATH': '/net/tenshu/Terminator2', 'LANG': 'en_US.UTF-8', 'XDG_CURRENT_DESKTOP': 'ubuntu:GNOME', 'IBUS_DISABLE_SNOOPER': '1', 'LC_TELEPHONE': 'fi_FI.UTF-8', 'XMODIFIERS': '@im=ibus', 'XDG_SESSION_DESKTOP': 'ubuntu', 'XAUTHORITY': '/run/user/1000/.mutter-Xwaylandauth.KGGAB3', 'LS_COLORS': 'rs=0:di=01;34:ln=01;36:mh=00:pi=40;33:so=01;35:do=01;35:bd=40;33;01:cd=40;33;01:or=40;31;01:mi=00:su=37;41:sg=30;43:ca=30;41:tw=30;42:ow=34;42:st=37;44:ex=01;32:*.tar=01;31:*.tgz=01;31:*.arc=01;31:*.arj=01;31:*.taz=01;31:*.lha=01;31:*.lz4=01;31:*.lzh=01;31:*.lzma=01;31:*.tlz=01;31:*.txz=01;31:*.tzo=01;31:*.t7z=01;31:*.zip=01;31:*.z=01;31:*.dz=01;31:*.gz=01;31:*.lrz=01;31:*.lz=01;31:*.lzo=01;31:*.xz=01;31:*.zst=01;31:*.tzst=01;31:*.bz2=01;31:*.bz=01;31:*.tbz=01;31:*.tbz2=01;31:*.tz=01;31:*.deb=01;31:*.rpm=01;31:*.jar=01;31:*.war=01;31:*.ear=01;31:*.sar=01;31:*.rar=01;31:*.alz=01;31:*.ace=01;31:*.zoo=01;31:*.cpio=01;31:*.7z=01;31:*.rz=01;31:*.cab=01;31:*.wim=01;31:*.swm=01;31:*.dwm=01;31:*.esd=01;31:*.jpg=01;35:*.jpeg=01;35:*.mjpg=01;35:*.mjpeg=01;35:*.gif=01;35:*.bmp=01;35:*.pbm=01;35:*.pgm=01;35:*.ppm=01;35:*.tga=01;35:*.xbm=01;35:*.xpm=01;35:*.tif=01;35:*.tiff=01;35:*.png=01;35:*.svg=01;35:*.svgz=01;35:*.mng=01;35:*.pcx=01;35:*.mov=01;35:*.mpg=01;35:*.mpeg=01;35:*.m2v=01;35:*.mkv=01;35:*.webm=01;35:*.webp=01;35:*.ogm=01;35:*.mp4=01;35:*.m4v=01;35:*.mp4v=01;35:*.vob=01;35:*.qt=01;35:*.nuv=01;35:*.wmv=01;35:*.asf=01;35:*.rm=01;35:*.rmvb=01;35:*.flc=01;35:*.avi=01;35:*.fli=01;35:*.flv=01;35:*.gl=01;35:*.dl=01;35:*.xcf=01;35:*.xwd=01;35:*.yuv=01;35:*.cgm=01;35:*.emf=01;35:*.ogv=01;35:*.ogx=01;35:*.aac=00;36:*.au=00;36:*.flac=00;36:*.m4a=00;36:*.mid=00;36:*.midi=00;36:*.mka=00;36:*.mp3=00;36:*.mpc=00;36:*.ogg=00;36:*.ra=00;36:*.wav=00;36:*.oga=00;36:*.opus=00;36:*.spx=00;36:*.xspf=00;36:', 'SSH_AGENT_LAUNCHER': 'gnome-keyring', 'SSH_AUTH_SOCK': '/run/user/1000/keyring/ssh', 'AMENT_PREFIX_PATH': '/opt/ros/humble', 'SHELL': '/bin/bash', 'LC_NAME': 'fi_FI.UTF-8', 'TERMINATOR_UUID': 'urn:uuid:b41362cc-ab1a-46cc-95c3-4d8b55bae248', 'QT_ACCESSIBILITY': '1', 'GDMSESSION': 'ubuntu', 'LESSCLOSE': '/usr/bin/lesspipe %s %s', 'LC_MEASUREMENT': 'fi_FI.UTF-8', 'GJS_DEBUG_OUTPUT': 'stderr', 'LC_IDENTIFICATION': 'fi_FI.UTF-8', 'QT_IM_MODULE': 'ibus', 'PWD': '/home/sksuser/arduinobot_ws/build/arduinobot_py_example', 'LC_ALL': 'en_US.UTF-8', 'XDG_CONFIG_DIRS': '/etc/xdg/xdg-ubuntu:/etc/xdg', 'XDG_DATA_DIRS': '/usr/share/ubuntu:/usr/local/share/:/usr/share/:/var/lib/snapd/desktop', 'PYTHONPATH': '/home/sksuser/arduinobot_ws/build/arduinobot_py_example/prefix_override:/usr/lib/python3/dist-packages/colcon_core/task/python/colcon_distutils_commands:/home/sksuser/arduinobot_ws/install/arduinobot_py_example/lib/python3.10/site-packages:/opt/ros/humble/lib/python3.10/site-packages:/opt/ros/humble/local/lib/python3.10/dist-packages', 'LC_NUMERIC': 'fi_FI.UTF-8', 'LC_PAPER': 'fi_FI.UTF-8', 'COLCON': '1', 'VTE_VERSION': '6800'}, 'shell': False}
[1.480743] (arduinobot_cpp_example) StdoutLine: {'line': b'-- Found ament_lint_auto: 0.12.14 (/opt/ros/humble/share/ament_lint_auto/cmake)\n'}
[1.502352] (-) TimerEvent: {}
[1.579019] (arduinobot_cpp_example) StderrLine: {'line': b"Error parsing '/home/sksuser/arduinobot_ws/src/arduinobot_cpp_example/package.xml':\n"}
[1.602501] (-) TimerEvent: {}
[1.681793] (arduinobot_cpp_example) StderrLine: {'line': b'Traceback (most recent call last):\n'}
[1.682156] (arduinobot_cpp_example) StderrLine: {'line': b'  File "/usr/lib/python3/dist-packages/catkin_pkg/package.py", line 610, in parse_package_string\n'}
[1.682996] (arduinobot_cpp_example) StderrLine: {'line': b'    root = dom.parseString(data)\n'}
[1.683257] (arduinobot_cpp_example) StderrLine: {'line': b'  File "/usr/lib/python3.10/xml/dom/minidom.py", line 2000, in parseString\n'}
[1.683976] (arduinobot_cpp_example) StderrLine: {'line': b'    return expatbuilder.parseString(string)\n'}
[1.684255] (arduinobot_cpp_example) StderrLine: {'line': b'  File "/usr/lib/python3.10/xml/dom/expatbuilder.py", line 925, in parseString\n'}
[1.684712] (arduinobot_cpp_example) StderrLine: {'line': b'    return builder.parseString(string)\n'}
[1.685067] (arduinobot_cpp_example) StderrLine: {'line': b'  File "/usr/lib/python3.10/xml/dom/expatbuilder.py", line 223, in parseString\n'}
[1.685434] (arduinobot_cpp_example) StderrLine: {'line': b'    parser.Parse(string, True)\n'}
[1.685656] (arduinobot_cpp_example) StderrLine: {'line': b'xml.parsers.expat.ExpatError: mismatched tag: line 12, column 18\n'}
[1.685858] (arduinobot_cpp_example) StderrLine: {'line': b'\n'}
[1.686042] (arduinobot_cpp_example) StderrLine: {'line': b'During handling of the above exception, another exception occurred:\n'}
[1.686218] (arduinobot_cpp_example) StderrLine: {'line': b'\n'}
[1.686405] (arduinobot_cpp_example) StderrLine: {'line': b'Traceback (most recent call last):\n'}
[1.686664] (arduinobot_cpp_example) StderrLine: {'line': b'  File "/opt/ros/humble/share/ament_cmake_core/cmake/core/package_xml_2_cmake.py", line 150, in <module>\n'}
[1.686839] (arduinobot_cpp_example) StderrLine: {'line': b'    main()\n'}
[1.687009] (arduinobot_cpp_example) StderrLine: {'line': b'  File "/opt/ros/humble/share/ament_cmake_core/cmake/core/package_xml_2_cmake.py", line 53, in main\n'}
[1.687187] (arduinobot_cpp_example) StderrLine: {'line': b'    raise e\n'}
[1.687377] (arduinobot_cpp_example) StderrLine: {'line': b'  File "/opt/ros/humble/share/ament_cmake_core/cmake/core/package_xml_2_cmake.py", line 49, in main\n'}
[1.687574] (arduinobot_cpp_example) StderrLine: {'line': b'    package = parse_package_string(\n'}
[1.687748] (arduinobot_cpp_example) StderrLine: {'line': b'  File "/usr/lib/python3/dist-packages/catkin_pkg/package.py", line 612, in parse_package_string\n'}
[1.687924] (arduinobot_cpp_example) StderrLine: {'line': b"    raise InvalidPackage('The manifest contains invalid XML:\\n%s' % ex, filename)\n"}
[1.688103] (arduinobot_cpp_example) StderrLine: {'line': b"catkin_pkg.package.InvalidPackage: Error(s) in package '/home/sksuser/arduinobot_ws/src/arduinobot_cpp_example/package.xml':\n"}
[1.688306] (arduinobot_cpp_example) StderrLine: {'line': b'The manifest contains invalid XML:\n'}
[1.688512] (arduinobot_cpp_example) StderrLine: {'line': b'mismatched tag: line 12, column 18\n'}
[1.702622] (-) TimerEvent: {}
[1.715863] (arduinobot_cpp_example) StderrLine: {'line': b'\x1b[31mCMake Error at /opt/ros/humble/share/ament_cmake_core/cmake/core/ament_package_xml.cmake:95 (message):\n'}
[1.716105] (arduinobot_cpp_example) StderrLine: {'line': b'  execute_process(/usr/bin/python3\n'}
[1.716215] (arduinobot_cpp_example) StderrLine: {'line': b'  /opt/ros/humble/share/ament_cmake_core/cmake/core/package_xml_2_cmake.py\n'}
[1.716316] (arduinobot_cpp_example) StderrLine: {'line': b'  /home/sksuser/arduinobot_ws/src/arduinobot_cpp_example/package.xml\n'}
[1.716617] (arduinobot_cpp_example) StderrLine: {'line': b'  /home/sksuser/arduinobot_ws/build/arduinobot_cpp_example/ament_cmake_core/package.cmake)\n'}
[1.716794] (arduinobot_cpp_example) StderrLine: {'line': b'  returned error code 1\n'}
[1.716903] (arduinobot_cpp_example) StderrLine: {'line': b'Call Stack (most recent call first):\n'}
[1.717003] (arduinobot_cpp_example) StderrLine: {'line': b'  /opt/ros/humble/share/ament_cmake_core/cmake/core/ament_package_xml.cmake:49 (_ament_package_xml)\n'}
[1.717102] (arduinobot_cpp_example) StderrLine: {'line': b'  /opt/ros/humble/share/ament_lint_auto/cmake/ament_lint_auto_find_test_dependencies.cmake:31 (ament_package_xml)\n'}
[1.717198] (arduinobot_cpp_example) StderrLine: {'line': b'  CMakeLists.txt:28 (ament_lint_auto_find_test_dependencies)\n'}
[1.717308] (arduinobot_cpp_example) StderrLine: {'line': b'\n'}
[1.717432] (arduinobot_cpp_example) StderrLine: {'line': b'\x1b[0m\n'}
[1.717534] (arduinobot_cpp_example) StdoutLine: {'line': b'-- Configuring incomplete, errors occurred!\n'}
[1.717703] (arduinobot_cpp_example) StdoutLine: {'line': b'See also "/home/sksuser/arduinobot_ws/build/arduinobot_cpp_example/CMakeFiles/CMakeOutput.log".\n'}
[1.732197] (arduinobot_cpp_example) StderrLine: {'line': b'gmake: *** [Makefile:226: cmake_check_build_system] Error 1\n'}
[1.736606] (arduinobot_cpp_example) CommandEnded: {'returncode': 2}
[1.738101] (arduinobot_cpp_example) JobEnded: {'identifier': 'arduinobot_cpp_example', 'rc': 2}
[1.802726] (-) TimerEvent: {}
[1.903142] (-) TimerEvent: {}
[1.921699] (arduinobot_py_example) StdoutLine: {'line': b'running egg_info\n'}
[1.922960] (arduinobot_py_example) StdoutLine: {'line': b'writing ../../build/arduinobot_py_example/arduinobot_py_example.egg-info/PKG-INFO\n'}
[1.923345] (arduinobot_py_example) StdoutLine: {'line': b'writing dependency_links to ../../build/arduinobot_py_example/arduinobot_py_example.egg-info/dependency_links.txt\n'}
[1.923694] (arduinobot_py_example) StdoutLine: {'line': b'writing entry points to ../../build/arduinobot_py_example/arduinobot_py_example.egg-info/entry_points.txt\n'}
[1.924052] (arduinobot_py_example) StdoutLine: {'line': b'writing requirements to ../../build/arduinobot_py_example/arduinobot_py_example.egg-info/requires.txt\n'}
[1.924418] (arduinobot_py_example) StdoutLine: {'line': b'writing top-level names to ../../build/arduinobot_py_example/arduinobot_py_example.egg-info/top_level.txt\n'}
[1.927017] (arduinobot_py_example) StdoutLine: {'line': b"reading manifest file '../../build/arduinobot_py_example/arduinobot_py_example.egg-info/SOURCES.txt'\n"}
[1.930324] (arduinobot_py_example) StdoutLine: {'line': b"writing manifest file '../../build/arduinobot_py_example/arduinobot_py_example.egg-info/SOURCES.txt'\n"}
[1.930832] (arduinobot_py_example) StdoutLine: {'line': b'running build\n'}
[1.931126] (arduinobot_py_example) StdoutLine: {'line': b'running build_py\n'}
[1.931341] (arduinobot_py_example) StdoutLine: {'line': b'copying arduinobot_py_example/simple_publisher.py -> /home/sksuser/arduinobot_ws/build/arduinobot_py_example/build/lib/arduinobot_py_example\n'}
[1.932102] (arduinobot_py_example) StdoutLine: {'line': b'running install\n'}
[1.932929] (arduinobot_py_example) StdoutLine: {'line': b'running install_lib\n'}
[1.934734] (arduinobot_py_example) StdoutLine: {'line': b'copying /home/sksuser/arduinobot_ws/build/arduinobot_py_example/build/lib/arduinobot_py_example/simple_publisher.py -> /home/sksuser/arduinobot_ws/install/arduinobot_py_example/lib/python3.10/site-packages/arduinobot_py_example\n'}
[1.936094] (arduinobot_py_example) StdoutLine: {'line': b'byte-compiling /home/sksuser/arduinobot_ws/install/arduinobot_py_example/lib/python3.10/site-packages/arduinobot_py_example/simple_publisher.py to simple_publisher.cpython-310.pyc\n'}
[1.937346] (arduinobot_py_example) StdoutLine: {'line': b'running install_data\n'}
[1.937800] (arduinobot_py_example) StdoutLine: {'line': b'running install_egg_info\n'}
[1.941542] (arduinobot_py_example) StdoutLine: {'line': b"removing '/home/sksuser/arduinobot_ws/install/arduinobot_py_example/lib/python3.10/site-packages/arduinobot_py_example-0.0.0-py3.10.egg-info' (and everything under it)\n"}
[1.942217] (arduinobot_py_example) StdoutLine: {'line': b'Copying ../../build/arduinobot_py_example/arduinobot_py_example.egg-info to /home/sksuser/arduinobot_ws/install/arduinobot_py_example/lib/python3.10/site-packages/arduinobot_py_example-0.0.0-py3.10.egg-info\n'}
[1.944233] (arduinobot_py_example) StdoutLine: {'line': b'running install_scripts\n'}
[1.975089] (arduinobot_py_example) StdoutLine: {'line': b'Installing simple_publisher script to /home/sksuser/arduinobot_ws/install/arduinobot_py_example/lib/arduinobot_py_example\n'}
[1.975741] (arduinobot_py_example) StdoutLine: {'line': b"writing list of installed files to '/home/sksuser/arduinobot_ws/build/arduinobot_py_example/install.log'\n"}
[2.003296] (-) TimerEvent: {}
[2.013562] (arduinobot_py_example) JobEnded: {'identifier': 'arduinobot_py_example', 'rc': 'SIGINT'}
[2.024350] (-) EventReactorShutdown: {}
