[0.051s] Invoking command in '/home/sksuser/arduinobot_ws/build/arduinobot_msgs': CMAKE_PREFIX_PATH=${CMAKE_PREFIX_PATH}:/opt/ros/humble /usr/bin/cmake --build /home/sksuser/arduinobot_ws/build/arduinobot_msgs -- -j8 -l8
[0.151s] -- Found ament_cmake: 1.3.12 (/opt/ros/humble/share/ament_cmake/cmake)
[0.531s] -- Found std_msgs: 4.9.0 (/opt/ros/humble/share/std_msgs/cmake)
[0.610s] -- Found rosidl_generator_c: 3.1.7 (/opt/ros/humble/share/rosidl_generator_c/cmake)
[0.617s] -- Found rosidl_adapter: 3.1.7 (/opt/ros/humble/share/rosidl_adapter/cmake)
[0.634s] -- Found rosidl_generator_cpp: 3.1.7 (/opt/ros/humble/share/rosidl_generator_cpp/cmake)
[0.658s] -- Using all available rosidl_typesupport_c: rosidl_typesupport_fastrtps_c;rosidl_typesupport_introspection_c
[0.691s] -- Using all available rosidl_typesupport_cpp: rosidl_typesupport_fastrtps_cpp;rosidl_typesupport_introspection_cpp
[0.760s] -- Found rosidl_default_generators: 1.2.0 (/opt/ros/humble/share/rosidl_default_generators/cmake)
[1.059s] [31mCMake Error at /opt/ros/humble/share/rosidl_adapter/cmake/rosidl_adapt_interfaces.cmake:59 (message):
[1.059s]   execute_process(/usr/bin/python3 -m rosidl_adapter --package-name
[1.059s]   arduinobot_msgs --arguments-file
[1.059s]   /home/sksuser/arduinobot_ws/build/arduinobot_msgs/rosidl_adapter__arguments__arduinobot_msgs.json
[1.059s]   --output-dir
[1.059s]   /home/sksuser/arduinobot_ws/build/arduinobot_msgs/rosidl_adapter/arduinobot_msgs
[1.059s]   --output-file
[1.059s]   /home/sksuser/arduinobot_ws/build/arduinobot_msgs/rosidl_adapter/arduinobot_msgs.idls)
[1.059s]   returned error code 1:
[1.059s] 
[1.059s]   Error processing 'int order' of 'arduinobot_msgs/Fibonacci_Goal': ''int' is
[1.060s]   an invalid message name.  It should have the pattern '^[A-Z][A-Za-z0-9]*$''
[1.060s] 
[1.060s]   Traceback (most recent call last):
[1.060s] 
[1.060s]     File "/usr/lib/python3.10/runpy.py", line 196, in _run_module_as_main
[1.060s]       return _run_code(code, main_globals, None,
[1.060s]     File "/usr/lib/python3.10/runpy.py", line 86, in _run_code
[1.060s]       exec(code, run_globals)
[1.060s]     File "/opt/ros/humble/local/lib/python3.10/dist-packages/rosidl_adapter/__main__.py", line 19, in <module>
[1.060s]       sys.exit(main())
[1.060s]     File "/opt/ros/humble/local/lib/python3.10/dist-packages/rosidl_adapter/main.py", line 53, in main
[1.060s]       abs_idl_file = convert_to_idl(
[1.060s]     File "/opt/ros/humble/local/lib/python3.10/dist-packages/rosidl_adapter/__init__.py", line 29, in convert_to_idl
[1.060s]       return convert_action_to_idl(
[1.061s]     File "/opt/ros/humble/local/lib/python3.10/dist-packages/rosidl_adapter/action/__init__.py", line 28, in convert_action_to_idl
[1.061s]       action = parse_action_string(package_name, input_file.stem, content)
[1.061s]     File "/opt/ros/humble/local/lib/python3.10/dist-packages/rosidl_adapter/parser.py", line 902, in parse_action_string
[1.061s]       goal_message = parse_message_string(
[1.061s]     File "/opt/ros/humble/local/lib/python3.10/dist-packages/rosidl_adapter/parser.py", line 520, in parse_message_string
[1.061s]       Type(type_string, context_package_name=pkg_name),
[1.061s]     File "/opt/ros/humble/local/lib/python3.10/dist-packages/rosidl_adapter/parser.py", line 277, in __init__
[1.061s]       super(Type, self).__init__(
[1.061s]     File "/opt/ros/humble/local/lib/python3.10/dist-packages/rosidl_adapter/parser.py", line 205, in __init__
[1.061s]       raise InvalidResourceName(
[1.061s] 
[1.061s]   rosidl_adapter.parser.InvalidResourceName: 'int' is an invalid message
[1.061s]   name.  It should have the pattern '^[A-Z][A-Za-z0-9]*$'
[1.061s] 
[1.062s] Call Stack (most recent call first):
[1.062s]   /opt/ros/humble/share/rosidl_cmake/cmake/rosidl_generate_interfaces.cmake:130 (rosidl_adapt_interfaces)
[1.062s]   CMakeLists.txt:17 (rosidl_generate_interfaces)
[1.062s] 
[1.062s] [0m
[1.062s] -- Configuring incomplete, errors occurred!
[1.062s] See also "/home/sksuser/arduinobot_ws/build/arduinobot_msgs/CMakeFiles/CMakeOutput.log".
[1.069s] gmake: *** [Makefile:1179: cmake_check_build_system] Error 1
[1.072s] Invoked command in '/home/sksuser/arduinobot_ws/build/arduinobot_msgs' returned '2': CMAKE_PREFIX_PATH=${CMAKE_PREFIX_PATH}:/opt/ros/humble /usr/bin/cmake --build /home/sksuser/arduinobot_ws/build/arduinobot_msgs -- -j8 -l8
