[0.047s] Invoking command in '/home/sksuser/arduinobot_ws/build/arduinobot_msgs': /usr/bin/cmake --build /home/sksuser/arduinobot_ws/build/arduinobot_msgs -- -j8 -l8
[0.086s] -- Found ament_cmake: 1.3.12 (/opt/ros/humble/share/ament_cmake/cmake)
[0.339s] -- Found std_msgs: 4.9.0 (/opt/ros/humble/share/std_msgs/cmake)
[0.389s] -- Found rosidl_generator_c: 3.1.7 (/opt/ros/humble/share/rosidl_generator_c/cmake)
[0.394s] -- Found rosidl_adapter: 3.1.7 (/opt/ros/humble/share/rosidl_adapter/cmake)
[0.404s] -- Found rosidl_generator_cpp: 3.1.7 (/opt/ros/humble/share/rosidl_generator_cpp/cmake)
[0.420s] -- Using all available rosidl_typesupport_c: rosidl_typesupport_fastrtps_c;rosidl_typesupport_introspection_c
[0.437s] -- Using all available rosidl_typesupport_cpp: rosidl_typesupport_fastrtps_cpp;rosidl_typesupport_introspection_cpp
[0.469s] -- Found rosidl_default_generators: 1.2.0 (/opt/ros/humble/share/rosidl_default_generators/cmake)
[0.799s] Error parsing '/home/sksuser/arduinobot_ws/src/arduinobot_msgs/package.xml':
[0.875s] Traceback (most recent call last):
[0.875s]   File "/usr/lib/python3/dist-packages/catkin_pkg/package.py", line 610, in parse_package_string
[0.875s]     root = dom.parseString(data)
[0.876s]   File "/usr/lib/python3.10/xml/dom/minidom.py", line 2000, in parseString
[0.876s]     return expatbuilder.parseString(string)
[0.876s]   File "/usr/lib/python3.10/xml/dom/expatbuilder.py", line 925, in parseString
[0.876s]     return builder.parseString(string)
[0.876s]   File "/usr/lib/python3.10/xml/dom/expatbuilder.py", line 223, in parseString
[0.877s]     parser.Parse(string, True)
[0.877s] xml.parsers.expat.ExpatError: mismatched tag: line 16, column 47
[0.877s] 
[0.877s] During handling of the above exception, another exception occurred:
[0.877s] 
[0.877s] Traceback (most recent call last):
[0.877s]   File "/opt/ros/humble/share/ament_cmake_core/cmake/core/package_xml_2_cmake.py", line 150, in <module>
[0.878s]     main()
[0.878s]   File "/opt/ros/humble/share/ament_cmake_core/cmake/core/package_xml_2_cmake.py", line 53, in main
[0.878s]     raise e
[0.878s]   File "/opt/ros/humble/share/ament_cmake_core/cmake/core/package_xml_2_cmake.py", line 49, in main
[0.878s]     package = parse_package_string(
[0.878s]   File "/usr/lib/python3/dist-packages/catkin_pkg/package.py", line 612, in parse_package_string
[0.878s]     raise InvalidPackage('The manifest contains invalid XML:\n%s' % ex, filename)
[0.878s] catkin_pkg.package.InvalidPackage: Error(s) in package '/home/sksuser/arduinobot_ws/src/arduinobot_msgs/package.xml':
[0.878s] The manifest contains invalid XML:
[0.878s] mismatched tag: line 16, column 47
[0.896s] [31mCMake Error at /opt/ros/humble/share/ament_cmake_core/cmake/core/ament_package_xml.cmake:95 (message):
[0.896s]   execute_process(/usr/bin/python3
[0.896s]   /opt/ros/humble/share/ament_cmake_core/cmake/core/package_xml_2_cmake.py
[0.896s]   /home/sksuser/arduinobot_ws/src/arduinobot_msgs/package.xml
[0.896s]   /home/sksuser/arduinobot_ws/build/arduinobot_msgs/ament_cmake_core/package.cmake)
[0.897s]   returned error code 1
[0.897s] Call Stack (most recent call first):
[0.897s]   /opt/ros/humble/share/ament_cmake_core/cmake/core/ament_package_xml.cmake:49 (_ament_package_xml)
[0.897s]   /opt/ros/humble/share/rosidl_cmake/cmake/rosidl_generate_interfaces.cmake:226 (ament_package_xml)
[0.897s]   CMakeLists.txt:17 (rosidl_generate_interfaces)
[0.897s] 
[0.897s] [0m
[0.897s] -- Configuring incomplete, errors occurred!
[0.898s] See also "/home/sksuser/arduinobot_ws/build/arduinobot_msgs/CMakeFiles/CMakeOutput.log".
[0.908s] gmake: *** [Makefile:226: cmake_check_build_system] Error 1
[0.912s] Invoked command in '/home/sksuser/arduinobot_ws/build/arduinobot_msgs' returned '2': /usr/bin/cmake --build /home/sksuser/arduinobot_ws/build/arduinobot_msgs -- -j8 -l8
